#
# A fatal error has been detected by the Java Runtime Environment:
#
#  SIGSEGV (0xb) at pc=0x00000001260373fd, pid=9158, tid=1811
#
# JRE version: Java(TM) SE Runtime Environment (8.0_20-b26) (build 1.8.0_20-b26)
# Java VM: Java HotSpot(TM) 64-Bit Server VM (25.20-b23 mixed mode bsd-amd64 compressed oops)
# Problematic frame:
# C  [libglass.dylib+0x163fd]  GlassScreenDidChangeScreenParameters+0x9d
#
# Failed to write core dump. Core dumps have been disabled. To enable core dumping, try "ulimit -c unlimited" before starting Java again
#
# If you would like to submit a bug report, please visit:
#   http://bugreport.sun.com/bugreport/crash.jsp
#

---------------  T H R E A D  ---------------

Current thread is native thread

siginfo: si_signo: 11 (SIGSEGV), si_code: 1 (SEGV_MAPERR), si_addr: 0x0000000000000000

Registers:
RAX=0x0000000126069e40, RBX=0x0000000000000000, RCX=0x1600fe3258f1fb25, RDX=0x00007fc82d53faa8
RSP=0x00007fff541e7100, RBP=0x00007fff541e7110, RSI=0x00007fc82ae04958, RDI=0x0000000000000000
R8 =0x00007fff541e6fb0, R9 =0x00007fff74bc5300, R10=0x0000000000000000, R11=0x0000000000000246
R12=0x00007fc82af13e40, R13=0x00000000000f426a, R14=0x00007fc82ac39230, R15=0x00007fff541e7250
RIP=0x00000001260373fd, EFLAGS=0x0000000000010202, ERR=0x0000000000000004
  TRAPNO=0x000000000000000e

Top of Stack: (sp=0x00007fff541e7100)
0x00007fff541e7100:   00007fff541e72e0 00007fc82ac39230
0x00007fff541e7110:   00007fff541e7120 00007fff8f21245c
0x00007fff541e7120:   00007fff541e7480 00007fff8f102634
0x00007fff541e7130:   00007fff541e7180 0000000000001e00
0x00007fff541e7140:   00007fff74754ed0 00007fc82fe93430
0x00007fff541e7150:   0000000000001003 0000000000000ba0
0x00007fff541e7160:   00007fc82fe93430 00007fc82ac39230
0x00007fff541e7170:   0000000000000000 00007fff541e7250
0x00007fff541e7180:   0000000000000000 00007fc82ac391f0
0x00007fff541e7190:   00007fff541e72d0 000000000000007c
0x00007fff541e71a0:   00000000000f4353 00007fc82ac01370
0x00007fff541e71b0:   00007fc82af6e020 00007fc82af13e40
0x00007fff541e71c0:   0000000000000001 00000000000f426a
0x00007fff541e71d0:   00007fc82af13e30 00007fff885fcb90
0x00007fff541e71e0:   0000000000000001 0000000000000001
0x00007fff541e71f0:   0000000000000030 0000000000000001
0x00007fff541e7200:   00007fff541e7220 00007fff885fd546
0x00007fff541e7210:   00007fff74752fb0 0000000000000000
0x00007fff541e7220:   00007fff541e7240 0000000000000004
0x00007fff541e7230:   0002b603000002c6 00007fc82af13e64
0x00007fff541e7240:   0000000000000000 00007fff8f0f810f
0x00007fff541e7250:   00007fc82ac39230 00007fff74752fb0
0x00007fff541e7260:   00007fff541e72e0 00007fff8f100c3f
0x00007fff541e7270:   00007fff541e72ec 00007fff541e72f0
0x00007fff541e7280:   000000010ba33a00 0000000000000002
0x00007fff541e7290:   000000010ba30000 00007fc82ace2272
0x00007fff541e72a0:   0000000000000003 000000010ba35800
0x00007fff541e72b0:   00007fff541e73a0 00007fff885f9b36
0x00007fff541e72c0:   00007fc82af6dca0 00007fff541e7488
0x00007fff541e72d0:   0000000000000017 0000000000000000
0x00007fff541e72e0:   00000000000f426a 00007fff8f0f8403
0x00007fff541e72f0:   00007fff00000000 00007fc82af740b0 

Instructions: (pc=0x00000001260373fd)
0x00000001260373dd:   89 df 4c 89 f1 41 ff 90 68 04 00 00 48 8d 05 58
0x00000001260373ed:   29 03 00 48 8b 30 48 8d 05 46 2a 03 00 48 8b 10
0x00000001260373fd:   48 8b 0b 30 c0 48 89 df ff 91 68 04 00 00 48 8b
0x000000012603740d:   03 48 89 df ff 50 78 48 85 c0 74 36 49 89 c6 48 

Register to memory mapping:

RAX=0x0000000126069e40: jScreenNotifySettingsChanged+0 in /Library/Java/JavaVirtualMachines/jdk1.8.0_20.jdk/Contents/Home/jre/lib/libglass.dylib at 0x0000000126021000
RBX=0x0000000000000000 is an unknown value
RCX=0x1600fe3258f1fb25 is an unknown value
RDX=0x00007fc82d53faa8 is an unknown value
RSP=0x00007fff541e7100 is an unknown value
RBP=0x00007fff541e7110 is an unknown value
RSI=0x00007fc82ae04958 is a global jni handle
RDI=0x0000000000000000 is an unknown value
R8 =0x00007fff541e6fb0 is an unknown value
R9 =0x00007fff74bc5300: _thread+0 in /usr/lib/system/libsystem_pthread.dylib at 0x00007fff91cc5000
R10=0x0000000000000000 is an unknown value
R11=0x0000000000000246 is an unknown value
R12=0x00007fc82af13e40 is an unknown value
R13=0x00000000000f426a is an unknown value
R14=0x00007fc82ac39230 is an unknown value
R15=0x00007fff541e7250 is an unknown value


Stack: [0x00007fff539ea000,0x00007fff541ea000],  sp=0x00007fff541e7100,  free space=8180k
Native frames: (J=compiled Java code, j=interpreted, Vv=VM code, C=native code)
C  [libglass.dylib+0x163fd]  GlassScreenDidChangeScreenParameters+0x9d
C  [CoreFoundation+0x12045c]  __CFNOTIFICATIONCENTER_IS_CALLING_OUT_TO_AN_OBSERVER__+0xc
C  [CoreFoundation+0x10634]  _CFXNotificationPost+0xc44
C  [Foundation+0x7aa1]  -[NSNotificationCenter postNotificationName:object:userInfo:]+0x42
C  [AppKit+0x40de7e]  -[NSApplication _reactToScreenInvalidationImmediately:]+0x17b
C  [AppKit+0x40dcc7]  __44-[NSApplication _reactToScreenInvalidation:]_block_invoke+0x4b
C  [CoreFoundation+0x808ec]  __CFRUNLOOP_IS_CALLING_OUT_TO_A_BLOCK__+0xc
C  [CoreFoundation+0x729f5]  __CFRunLoopDoBlocks+0x155
C  [CoreFoundation+0x72536]  __CFRunLoopRun+0x716
C  [CoreFoundation+0x71bd8]  CFRunLoopRunSpecific+0x128
C  [java+0x56cc]  CreateExecutionEnvironment+0x367
C  [java+0x165c]  JLI_Launch+0x7a0
C  [java+0x768a]  main+0x65
C  [java+0xeb4]  start+0x34


---------------  P R O C E S S  ---------------

VM state:at safepoint (normal execution)

VM Mutex/Monitor currently owned by a thread:  ([mutex/lock_event])
[0x00007fc82ae02d30] Threads_lock - owner thread: 0x00007fc82b808800
[0x00007fc82ae03230] Heap_lock - owner thread: 0x00007fc82b3ac000

Heap:
 PSYoungGen      total 38400K, used 24642K [0x0000000795580000, 0x0000000798000000, 0x00000007c0000000)
  eden space 33280K, 74% used [0x0000000795580000,0x0000000796d90900,0x0000000797600000)
  from space 5120K, 0% used [0x0000000797b00000,0x0000000797b00000,0x0000000798000000)
  to   space 5120K, 0% used [0x0000000797600000,0x0000000797600000,0x0000000797b00000)
 ParOldGen       total 75776K, used 11451K [0x0000000740000000, 0x0000000744a00000, 0x0000000795580000)
  object space 75776K, 15% used [0x0000000740000000,0x0000000740b2ec88,0x0000000744a00000)
 Metaspace       used 23128K, capacity 24482K, committed 24576K, reserved 1071104K
  class space    used 3297K, capacity 3556K, committed 3584K, reserved 1048576K

Card table byte_map: [0x000000011c7de000,0x000000011cbdf000] byte_map_base: 0x0000000118dde000

Marking Bits: (ParMarkBitMap*) 0x000000010cc9c330
 Begin Bits: [0x000000011d296000, 0x000000011f296000)
 End Bits:   [0x000000011f296000, 0x0000000121296000)

Polling page: 0x000000010bb6d000

CodeCache: size=245760Kb used=9603Kb max_used=9603Kb free=236156Kb
 bounds [0x000000010d41e000, 0x000000010dd8e000, 0x000000011c41e000]
 total_blobs=3704 nmethods=3003 adapters=615
 compilation: enabled

Compilation events (10 events):
Event: 278.707 Thread 0x00007fc82b022000 nmethod 2999 0x000000010dd83110 code [0x000000010dd832c0, 0x000000010dd83918]
Event: 278.712 Thread 0x00007fc82b022000 3000       1       java.util.concurrent.locks.AbstractOwnableSynchronizer::setExclusiveOwnerThread (6 bytes)
Event: 278.713 Thread 0x00007fc82b022000 nmethod 3000 0x000000010dd82e50 code [0x000000010dd82fa0, 0x000000010dd830d0]
Event: 278.713 Thread 0x00007fc82b022000 3001       1       java.lang.ref.Reference::clear (6 bytes)
Event: 278.713 Thread 0x00007fc82b022000 nmethod 3001 0x000000010dd82b90 code [0x000000010dd82ce0, 0x000000010dd82e10]
Event: 278.713 Thread 0x00007fc82b022000 3002       3       java.util.ArrayList::remove (69 bytes)
Event: 278.713 Thread 0x00007fc82b022000 nmethod 3002 0x000000010dd820d0 code [0x000000010dd822a0, 0x000000010dd828a8]
Event: 278.716 Thread 0x00007fc82b022000 3003       3       java.lang.invoke.Invokers::callSiteForm (295 bytes)
Event: 278.718 Thread 0x00007fc82b022000 nmethod 3003 0x000000010dd84050 code [0x000000010dd84320, 0x000000010dd85f18]
Event: 278.718 Thread 0x00007fc82b022000 3005       3       java.lang.invoke.InnerClassLambdaMetafactory::<init> (262 bytes)

GC Heap History (6 events):
Event: 1.357 GC heap before
{Heap before GC invocations=1 (full 0):
 PSYoungGen      total 38400K, used 33280K [0x0000000795580000, 0x0000000798000000, 0x00000007c0000000)
  eden space 33280K, 100% used [0x0000000795580000,0x0000000797600000,0x0000000797600000)
  from space 5120K, 0% used [0x0000000797b00000,0x0000000797b00000,0x0000000798000000)
  to   space 5120K, 0% used [0x0000000797600000,0x0000000797600000,0x0000000797b00000)
 ParOldGen       total 87552K, used 0K [0x0000000740000000, 0x0000000745580000, 0x0000000795580000)
  object space 87552K, 0% used [0x0000000740000000,0x0000000740000000,0x0000000745580000)
 Metaspace       used 13853K, capacity 14344K, committed 14464K, reserved 1060864K
  class space    used 1928K, capacity 2067K, committed 2176K, reserved 1048576K
Event: 1.370 GC heap after
Heap after GC invocations=1 (full 0):
 PSYoungGen      total 38400K, used 5091K [0x0000000795580000, 0x0000000798000000, 0x00000007c0000000)
  eden space 33280K, 0% used [0x0000000795580000,0x0000000795580000,0x0000000797600000)
  from space 5120K, 99% used [0x0000000797600000,0x0000000797af8fe8,0x0000000797b00000)
  to   space 5120K, 0% used [0x0000000797b00000,0x0000000797b00000,0x0000000798000000)
 ParOldGen       total 87552K, used 1632K [0x0000000740000000, 0x0000000745580000, 0x0000000795580000)
  object space 87552K, 1% used [0x0000000740000000,0x0000000740198070,0x0000000745580000)
 Metaspace       used 13853K, capacity 14344K, committed 14464K, reserved 1060864K
  class space    used 1928K, capacity 2067K, committed 2176K, reserved 1048576K
}
Event: 2.927 GC heap before
{Heap before GC invocations=2 (full 0):
 PSYoungGen      total 38400K, used 29451K [0x0000000795580000, 0x0000000798000000, 0x00000007c0000000)
  eden space 33280K, 73% used [0x0000000795580000,0x0000000796d49f78,0x0000000797600000)
  from space 5120K, 99% used [0x0000000797600000,0x0000000797af8fe8,0x0000000797b00000)
  to   space 5120K, 0% used [0x0000000797b00000,0x0000000797b00000,0x0000000798000000)
 ParOldGen       total 87552K, used 1632K [0x0000000740000000, 0x0000000745580000, 0x0000000795580000)
  object space 87552K, 1% used [0x0000000740000000,0x0000000740198070,0x0000000745580000)
 Metaspace       used 20357K, capacity 21206K, committed 21296K, reserved 1067008K
  class space    used 2926K, capacity 3130K, committed 3200K, reserved 1048576K
Event: 2.939 GC heap after
Heap after GC invocations=2 (full 0):
 PSYoungGen      total 38400K, used 5092K [0x0000000795580000, 0x0000000798000000, 0x00000007c0000000)
  eden space 33280K, 0% used [0x0000000795580000,0x0000000795580000,0x0000000797600000)
  from space 5120K, 99% used [0x0000000797b00000,0x0000000797ff9018,0x0000000798000000)
  to   space 5120K, 0% used [0x0000000797600000,0x0000000797600000,0x0000000797b00000)
 ParOldGen       total 87552K, used 6737K [0x0000000740000000, 0x0000000745580000, 0x0000000795580000)
  object space 87552K, 7% used [0x0000000740000000,0x0000000740694480,0x0000000745580000)
 Metaspace       used 20357K, capacity 21206K, committed 21296K, reserved 1067008K
  class space    used 2926K, capacity 3130K, committed 3200K, reserved 1048576K
}
Event: 2.939 GC heap before
{Heap before GC invocations=3 (full 1):
 PSYoungGen      total 38400K, used 5092K [0x0000000795580000, 0x0000000798000000, 0x00000007c0000000)
  eden space 33280K, 0% used [0x0000000795580000,0x0000000795580000,0x0000000797600000)
  from space 5120K, 99% used [0x0000000797b00000,0x0000000797ff9018,0x0000000798000000)
  to   space 5120K, 0% used [0x0000000797600000,0x0000000797600000,0x0000000797b00000)
 ParOldGen       total 87552K, used 6737K [0x0000000740000000, 0x0000000745580000, 0x0000000795580000)
  object space 87552K, 7% used [0x0000000740000000,0x0000000740694480,0x0000000745580000)
 Metaspace       used 20357K, capacity 21206K, committed 21296K, reserved 1067008K
  class space    used 2926K, capacity 3130K, committed 3200K, reserved 1048576K
Event: 3.007 GC heap after
Heap after GC invocations=3 (full 1):
 PSYoungGen      total 38400K, used 0K [0x0000000795580000, 0x0000000798000000, 0x00000007c0000000)
  eden space 33280K, 0% used [0x0000000795580000,0x0000000795580000,0x0000000797600000)
  from space 5120K, 0% used [0x0000000797b00000,0x0000000797b00000,0x0000000798000000)
  to   space 5120K, 0% used [0x0000000797600000,0x0000000797600000,0x0000000797b00000)
 ParOldGen       total 75776K, used 11451K [0x0000000740000000, 0x0000000744a00000, 0x0000000795580000)
  object space 75776K, 15% used [0x0000000740000000,0x0000000740b2ec88,0x0000000744a00000)
 Metaspace       used 20355K, capacity 21204K, committed 21296K, reserved 1067008K
  class space    used 2926K, capacity 3129K, committed 3200K, reserved 1048576K
}

Deoptimization events (10 events):
Event: 3.485 Thread 0x00007fc82b086800 Uncommon trap: reason=class_check action=maybe_recompile pc=0x000000010daaf384 method=java.util.WeakHashMap.eq(Ljava/lang/Object;Ljava/lang/Object;)Z @ 7
Event: 3.486 Thread 0x00007fc82b086800 Uncommon trap: reason=class_check action=maybe_recompile pc=0x000000010daaf384 method=java.util.WeakHashMap.eq(Ljava/lang/Object;Ljava/lang/Object;)Z @ 7
Event: 4.827 Thread 0x00007fc82ca26800 Uncommon trap: reason=class_check action=maybe_recompile pc=0x000000010d9c0214 method=java.io.FilterInputStream.read()I @ 4
Event: 4.827 Thread 0x00007fc82ca26800 Uncommon trap: reason=class_check action=maybe_recompile pc=0x000000010d9c0214 method=java.io.FilterInputStream.read()I @ 4
Event: 4.827 Thread 0x00007fc82ca26800 Uncommon trap: reason=class_check action=maybe_recompile pc=0x000000010d9c0214 method=java.io.FilterInputStream.read()I @ 4
Event: 4.827 Thread 0x00007fc82ca26800 Uncommon trap: reason=class_check action=maybe_recompile pc=0x000000010d9c0214 method=java.io.FilterInputStream.read()I @ 4
Event: 5.379 Thread 0x00007fc82ca26800 Uncommon trap: reason=array_check action=maybe_recompile pc=0x000000010dc6e744 method=com.sun.javafx.css.CompoundSelector.applies(Ljavafx/css/Styleable;[Ljava/util/Set;I)Z @ 128
Event: 5.379 Thread 0x00007fc82ca26800 Uncommon trap: reason=array_check action=maybe_recompile pc=0x000000010dc6e744 method=com.sun.javafx.css.CompoundSelector.applies(Ljavafx/css/Styleable;[Ljava/util/Set;I)Z @ 128
Event: 5.379 Thread 0x00007fc82ca26800 Uncommon trap: reason=array_check action=maybe_recompile pc=0x000000010dc6e744 method=com.sun.javafx.css.CompoundSelector.applies(Ljavafx/css/Styleable;[Ljava/util/Set;I)Z @ 128
Event: 5.379 Thread 0x00007fc82ca26800 Uncommon trap: reason=array_check action=maybe_recompile pc=0x000000010dc6e744 method=com.sun.javafx.css.CompoundSelector.applies(Ljavafx/css/Styleable;[Ljava/util/Set;I)Z @ 128

Internal exceptions (10 events):
Event: 2.858 Thread 0x00007fc82ca26800 Exception <a 'java/security/PrivilegedActionException'> (0x0000000796beeb80) thrown at [/HUDSON3/workspace/8-2-build-macosx-x86_64/jdk8u20/1074/hotspot/src/share/vm/prims/jvm.cpp, line 1275]
Event: 2.860 Thread 0x00007fc82ca26800 Exception <a 'java/security/PrivilegedActionException'> (0x0000000796c0bc00) thrown at [/HUDSON3/workspace/8-2-build-macosx-x86_64/jdk8u20/1074/hotspot/src/share/vm/prims/jvm.cpp, line 1275]
Event: 4.819 Thread 0x00007fc82ca26800 Exception <a 'java/security/PrivilegedActionException'> (0x0000000796013cd8) thrown at [/HUDSON3/workspace/8-2-build-macosx-x86_64/jdk8u20/1074/hotspot/src/share/vm/prims/jvm.cpp, line 1275]
Event: 4.826 Thread 0x00007fc82ca26800 Exception <a 'java/io/FileNotFoundException'> (0x000000079604f248) thrown at [/HUDSON3/workspace/8-2-build-macosx-x86_64/jdk8u20/1074/hotspot/src/share/vm/prims/jni.cpp, line 716]
Event: 4.839 Thread 0x00007fc82ca26800 Exception <a 'java/io/FileNotFoundException'> (0x0000000796183db0) thrown at [/HUDSON3/workspace/8-2-build-macosx-x86_64/jdk8u20/1074/hotspot/src/share/vm/prims/jni.cpp, line 716]
Event: 4.846 Thread 0x00007fc82ca26800 Exception <a 'java/io/FileNotFoundException'> (0x00000007961cce10) thrown at [/HUDSON3/workspace/8-2-build-macosx-x86_64/jdk8u20/1074/hotspot/src/share/vm/prims/jni.cpp, line 716]
Event: 4.850 Thread 0x00007fc82ca26800 Exception <a 'java/io/FileNotFoundException'> (0x000000079621fad0) thrown at [/HUDSON3/workspace/8-2-build-macosx-x86_64/jdk8u20/1074/hotspot/src/share/vm/prims/jni.cpp, line 716]
Event: 5.318 Thread 0x00007fc82ca26800 Exception <a 'java/lang/NullPointerException'> (0x0000000796600328) thrown at [/HUDSON3/workspace/8-2-build-macosx-x86_64/jdk8u20/1074/hotspot/src/share/vm/interpreter/linkResolver.cpp, line 1166]
Event: 5.319 Thread 0x00007fc82ca26800 Exception <a 'java/security/PrivilegedActionException'> (0x0000000796608390) thrown at [/HUDSON3/workspace/8-2-build-macosx-x86_64/jdk8u20/1074/hotspot/src/share/vm/prims/jvm.cpp, line 1275]
Event: 5.321 Thread 0x00007fc82ca26800 Exception <a 'java/security/PrivilegedActionException'> (0x00000007966134e0) thrown at [/HUDSON3/workspace/8-2-build-macosx-x86_64/jdk8u20/1074/hotspot/src/share/vm/prims/jvm.cpp, line 1275]

Events (10 events):
Event: 278.719 Thread 0x00007fc82ca26800 Thread exited: 0x00007fc82ca26800
Event: 278.719 Thread 0x00007fc82c001000 Thread exited: 0x00007fc82c001000
Event: 278.719 Thread 0x00007fc82b3ac000 Thread added: 0x00007fc82b3ac000
Event: 278.720 loading class java/util/IdentityHashMap$KeySet
Event: 278.720 loading class java/util/IdentityHashMap$KeySet done
Event: 278.720 loading class java/util/IdentityHashMap$KeyIterator
Event: 278.720 loading class java/util/IdentityHashMap$IdentityHashMapIterator
Event: 278.720 loading class java/util/IdentityHashMap$IdentityHashMapIterator done
Event: 278.720 loading class java/util/IdentityHashMap$KeyIterator done
Event: 278.720 Thread 0x00007fc82b3ac000 Thread exited: 0x00007fc82b3ac000


Dynamic libraries:
0x00000000026d7000 	/System/Library/Frameworks/Cocoa.framework/Versions/A/Cocoa
0x00000000026d7000 	/System/Library/Frameworks/Security.framework/Versions/A/Security
0x00000000026d7000 	/System/Library/Frameworks/ApplicationServices.framework/Versions/A/ApplicationServices
0x00000000026d7000 	/usr/lib/libz.1.dylib
0x00000000026d7000 	/usr/lib/libSystem.B.dylib
0x00000000026d7000 	/usr/lib/libobjc.A.dylib
0x00000000026d7000 	/System/Library/Frameworks/CoreFoundation.framework/Versions/A/CoreFoundation
0x00000000026d7000 	/System/Library/Frameworks/Foundation.framework/Versions/C/Foundation
0x00000000026d7000 	/System/Library/Frameworks/AppKit.framework/Versions/C/AppKit
0x00000000026d7000 	/System/Library/Frameworks/CoreData.framework/Versions/A/CoreData
0x00000000026d7000 	/System/Library/PrivateFrameworks/RemoteViewServices.framework/Versions/A/RemoteViewServices
0x00000000026d7000 	/System/Library/PrivateFrameworks/UIFoundation.framework/Versions/A/UIFoundation
0x00000000026d7000 	/System/Library/Frameworks/IOSurface.framework/Versions/A/IOSurface
0x00000000026d7000 	/System/Library/Frameworks/AudioToolbox.framework/Versions/A/AudioToolbox
0x00000000026d7000 	/System/Library/Frameworks/AudioUnit.framework/Versions/A/AudioUnit
0x00000000026d7000 	/System/Library/PrivateFrameworks/DataDetectorsCore.framework/Versions/A/DataDetectorsCore
0x00000000026d7000 	/System/Library/PrivateFrameworks/DesktopServicesPriv.framework/Versions/A/DesktopServicesPriv
0x00000000026d7000 	/System/Library/Frameworks/Carbon.framework/Versions/A/Frameworks/HIToolbox.framework/Versions/A/HIToolbox
0x00000000026d7000 	/System/Library/Frameworks/QuartzCore.framework/Versions/A/QuartzCore
0x00000000026d7000 	/System/Library/Frameworks/Carbon.framework/Versions/A/Frameworks/SpeechRecognition.framework/Versions/A/SpeechRecognition
0x00000000026d7000 	/usr/lib/libauto.dylib
0x00000000026d7000 	/usr/lib/libicucore.A.dylib
0x00000000026d7000 	/usr/lib/libxml2.2.dylib
0x00000000026d7000 	/System/Library/PrivateFrameworks/CoreUI.framework/Versions/A/CoreUI
0x00000000026d7000 	/System/Library/Frameworks/CoreAudio.framework/Versions/A/CoreAudio
0x00000000026d7000 	/System/Library/Frameworks/DiskArbitration.framework/Versions/A/DiskArbitration
0x00000000026d7000 	/usr/lib/liblangid.dylib
0x00000000026d7000 	/System/Library/PrivateFrameworks/MultitouchSupport.framework/Versions/A/MultitouchSupport
0x00000000026d7000 	/System/Library/Frameworks/IOKit.framework/Versions/A/IOKit
0x00000000026d7000 	/usr/lib/libDiagnosticMessagesClient.dylib
0x00000000026d7000 	/System/Library/Frameworks/CoreServices.framework/Versions/A/CoreServices
0x00000000026d7000 	/System/Library/PrivateFrameworks/PerformanceAnalysis.framework/Versions/A/PerformanceAnalysis
0x00000000026d7000 	/System/Library/PrivateFrameworks/GenerationalStorage.framework/Versions/A/GenerationalStorage
0x00000000026d7000 	/System/Library/Frameworks/OpenGL.framework/Versions/A/OpenGL
0x00000000026d7000 	/System/Library/PrivateFrameworks/Sharing.framework/Versions/A/Sharing
0x00000000026d7000 	/System/Library/Frameworks/CoreGraphics.framework/Versions/A/CoreGraphics
0x00000000026d7000 	/System/Library/Frameworks/CoreText.framework/Versions/A/CoreText
0x00000000026d7000 	/System/Library/Frameworks/ImageIO.framework/Versions/A/ImageIO
0x00000000026d7000 	/usr/lib/libextension.dylib
0x00000000026d7000 	/System/Library/PrivateFrameworks/Backup.framework/Versions/A/Backup
0x00000000026d7000 	/usr/lib/libarchive.2.dylib
0x00000000026d7000 	/System/Library/Frameworks/CFNetwork.framework/Versions/A/CFNetwork
0x00000000026d7000 	/System/Library/Frameworks/SystemConfiguration.framework/Versions/A/SystemConfiguration
0x00000000026d7000 	/usr/lib/libCRFSuite.dylib
0x00000000026d7000 	/usr/lib/libc++.1.dylib
0x00000000026d7000 	/usr/lib/libc++abi.dylib
0x00000000026d7000 	/usr/lib/system/libcache.dylib
0x00000000026d7000 	/usr/lib/system/libcommonCrypto.dylib
0x00000000026d7000 	/usr/lib/system/libcompiler_rt.dylib
0x00000000026d7000 	/usr/lib/system/libcopyfile.dylib
0x00000000026d7000 	/usr/lib/system/libcorecrypto.dylib
0x00000000026d7000 	/usr/lib/system/libdispatch.dylib
0x00000000026d7000 	/usr/lib/system/libdyld.dylib
0x00000000026d7000 	/usr/lib/system/libkeymgr.dylib
0x00000000026d7000 	/usr/lib/system/liblaunch.dylib
0x00000000026d7000 	/usr/lib/system/libmacho.dylib
0x00000000026d7000 	/usr/lib/system/libquarantine.dylib
0x00000000026d7000 	/usr/lib/system/libremovefile.dylib
0x00000000026d7000 	/usr/lib/system/libsystem_asl.dylib
0x00000000026d7000 	/usr/lib/system/libsystem_blocks.dylib
0x00000000026d7000 	/usr/lib/system/libsystem_c.dylib
0x00000000026d7000 	/usr/lib/system/libsystem_configuration.dylib
0x00000000026d7000 	/usr/lib/system/libsystem_coreservices.dylib
0x00000000026d7000 	/usr/lib/system/libsystem_coretls.dylib
0x00000000026d7000 	/usr/lib/system/libsystem_dnssd.dylib
0x00000000026d7000 	/usr/lib/system/libsystem_info.dylib
0x00000000026d7000 	/usr/lib/system/libsystem_kernel.dylib
0x00000000026d7000 	/usr/lib/system/libsystem_m.dylib
0x00000000026d7000 	/usr/lib/system/libsystem_malloc.dylib
0x00000000026d7000 	/usr/lib/system/libsystem_network.dylib
0x00000000026d7000 	/usr/lib/system/libsystem_networkextension.dylib
0x00000000026d7000 	/usr/lib/system/libsystem_notify.dylib
0x00000000026d7000 	/usr/lib/system/libsystem_platform.dylib
0x00000000026d7000 	/usr/lib/system/libsystem_pthread.dylib
0x00000000026d7000 	/usr/lib/system/libsystem_sandbox.dylib
0x00000000026d7000 	/usr/lib/system/libsystem_secinit.dylib
0x00000000026d7000 	/usr/lib/system/libsystem_stats.dylib
0x00000000026d7000 	/usr/lib/system/libsystem_trace.dylib
0x00000000026d7000 	/usr/lib/system/libunc.dylib
0x00000000026d7000 	/usr/lib/system/libunwind.dylib
0x00000000026d7000 	/usr/lib/system/libxpc.dylib
0x00000000026d7000 	/usr/lib/libbz2.1.0.dylib
0x00000000026d7000 	/usr/lib/liblzma.5.dylib
0x00000000026d7000 	/usr/lib/libbsm.0.dylib
0x00000000026d7000 	/usr/lib/libsqlite3.dylib
0x00000000026d7000 	/usr/lib/system/libkxld.dylib
0x00000000026d7000 	/usr/lib/libxar.1.dylib
0x00000000026d7000 	/usr/lib/libpam.2.dylib
0x00000000026d7000 	/usr/lib/libOpenScriptingUtil.dylib
0x00000000026d7000 	/System/Library/Frameworks/CoreServices.framework/Versions/A/Frameworks/FSEvents.framework/Versions/A/FSEvents
0x00000000026d7000 	/System/Library/Frameworks/CoreServices.framework/Versions/A/Frameworks/CarbonCore.framework/Versions/A/CarbonCore
0x00000000026d7000 	/System/Library/Frameworks/CoreServices.framework/Versions/A/Frameworks/Metadata.framework/Versions/A/Metadata
0x00000000026d7000 	/System/Library/Frameworks/CoreServices.framework/Versions/A/Frameworks/OSServices.framework/Versions/A/OSServices
0x00000000026d7000 	/System/Library/Frameworks/CoreServices.framework/Versions/A/Frameworks/SearchKit.framework/Versions/A/SearchKit
0x00000000026d7000 	/System/Library/Frameworks/CoreServices.framework/Versions/A/Frameworks/AE.framework/Versions/A/AE
0x00000000026d7000 	/System/Library/Frameworks/CoreServices.framework/Versions/A/Frameworks/LaunchServices.framework/Versions/A/LaunchServices
0x00000000026d7000 	/System/Library/Frameworks/CoreServices.framework/Versions/A/Frameworks/DictionaryServices.framework/Versions/A/DictionaryServices
0x00000000026d7000 	/System/Library/Frameworks/NetFS.framework/Versions/A/NetFS
0x00000000026d7000 	/System/Library/PrivateFrameworks/NetAuth.framework/Versions/A/NetAuth
0x00000000026d7000 	/System/Library/PrivateFrameworks/login.framework/Versions/A/Frameworks/loginsupport.framework/Versions/A/loginsupport
0x00000000026d7000 	/System/Library/PrivateFrameworks/TCC.framework/Versions/A/TCC
0x00000000026d7000 	/usr/lib/libmecabra.dylib
0x00000000026d7000 	/System/Library/Frameworks/ApplicationServices.framework/Versions/A/Frameworks/ATS.framework/Versions/A/ATS
0x00000000026d7000 	/System/Library/Frameworks/ApplicationServices.framework/Versions/A/Frameworks/ColorSync.framework/Versions/A/ColorSync
0x00000000026d7000 	/System/Library/Frameworks/ApplicationServices.framework/Versions/A/Frameworks/HIServices.framework/Versions/A/HIServices
0x00000000026d7000 	/System/Library/Frameworks/ApplicationServices.framework/Versions/A/Frameworks/LangAnalysis.framework/Versions/A/LangAnalysis
0x00000000026d7000 	/System/Library/Frameworks/ApplicationServices.framework/Versions/A/Frameworks/PrintCore.framework/Versions/A/PrintCore
0x00000000026d7000 	/System/Library/Frameworks/ApplicationServices.framework/Versions/A/Frameworks/QD.framework/Versions/A/QD
0x00000000026d7000 	/System/Library/Frameworks/ApplicationServices.framework/Versions/A/Frameworks/SpeechSynthesis.framework/Versions/A/SpeechSynthesis
0x00000000026d7000 	/System/Library/Frameworks/Accelerate.framework/Versions/A/Accelerate
0x00000000026d7000 	/System/Library/Frameworks/Accelerate.framework/Versions/A/Frameworks/vImage.framework/Versions/A/vImage
0x00000000026d7000 	/System/Library/Frameworks/Accelerate.framework/Versions/A/Frameworks/vecLib.framework/Versions/A/vecLib
0x00000000026d7000 	/System/Library/Frameworks/Accelerate.framework/Versions/A/Frameworks/vecLib.framework/Versions/A/libvDSP.dylib
0x00000000026d7000 	/System/Library/Frameworks/Accelerate.framework/Versions/A/Frameworks/vecLib.framework/Versions/A/libvMisc.dylib
0x00000000026d7000 	/System/Library/Frameworks/Accelerate.framework/Versions/A/Frameworks/vecLib.framework/Versions/A/libLAPACK.dylib
0x00000000026d7000 	/System/Library/Frameworks/Accelerate.framework/Versions/A/Frameworks/vecLib.framework/Versions/A/libBLAS.dylib
0x00000000026d7000 	/System/Library/Frameworks/Accelerate.framework/Versions/A/Frameworks/vecLib.framework/Versions/A/libLinearAlgebra.dylib
0x00000000026d7000 	/System/Library/Frameworks/ApplicationServices.framework/Versions/A/Frameworks/ATS.framework/Versions/A/Resources/libFontParser.dylib
0x00000000026d7000 	/System/Library/Frameworks/ApplicationServices.framework/Versions/A/Frameworks/ATS.framework/Versions/A/Resources/libFontRegistry.dylib
0x00000000026d7000 	/System/Library/PrivateFrameworks/AppleVPA.framework/Versions/A/AppleVPA
0x00000000026d7000 	/System/Library/PrivateFrameworks/AppleJPEG.framework/Versions/A/AppleJPEG
0x00000000026d7000 	/System/Library/Frameworks/ImageIO.framework/Versions/A/Resources/libJPEG.dylib
0x00000000026d7000 	/System/Library/Frameworks/ImageIO.framework/Versions/A/Resources/libTIFF.dylib
0x00000000026d7000 	/System/Library/Frameworks/ImageIO.framework/Versions/A/Resources/libPng.dylib
0x00000000026d7000 	/System/Library/Frameworks/ImageIO.framework/Versions/A/Resources/libGIF.dylib
0x00000000026d7000 	/System/Library/Frameworks/ImageIO.framework/Versions/A/Resources/libJP2.dylib
0x00000000026d7000 	/System/Library/Frameworks/ImageIO.framework/Versions/A/Resources/libRadiance.dylib
0x00000000026d7000 	/System/Library/Frameworks/CoreVideo.framework/Versions/A/CoreVideo
0x00000000026d7000 	/System/Library/Frameworks/OpenGL.framework/Versions/A/Libraries/libGLU.dylib
0x00000000026d7000 	/System/Library/Frameworks/OpenGL.framework/Versions/A/Libraries/libGFXShared.dylib
0x00000000026d7000 	/System/Library/Frameworks/OpenGL.framework/Versions/A/Libraries/libGL.dylib
0x00000000026d7000 	/System/Library/Frameworks/OpenGL.framework/Versions/A/Libraries/libGLImage.dylib
0x00000000026d7000 	/System/Library/Frameworks/OpenGL.framework/Versions/A/Libraries/libCVMSPluginSupport.dylib
0x00000000026d7000 	/System/Library/Frameworks/OpenGL.framework/Versions/A/Libraries/libCoreVMClient.dylib
0x00000000026d7000 	/usr/lib/libcups.2.dylib
0x00000000026d7000 	/System/Library/Frameworks/Kerberos.framework/Versions/A/Kerberos
0x00000000026d7000 	/System/Library/Frameworks/GSS.framework/Versions/A/GSS
0x00000000026d7000 	/usr/lib/libresolv.9.dylib
0x00000000026d7000 	/usr/lib/libiconv.2.dylib
0x00000000026d7000 	/System/Library/PrivateFrameworks/Heimdal.framework/Versions/A/Heimdal
0x00000000026d7000 	/usr/lib/libheimdal-asn1.dylib
0x00000000026d7000 	/System/Library/Frameworks/OpenDirectory.framework/Versions/A/OpenDirectory
0x00000000026d7000 	/System/Library/PrivateFrameworks/CommonAuth.framework/Versions/A/CommonAuth
0x00000000026d7000 	/System/Library/Frameworks/OpenDirectory.framework/Versions/A/Frameworks/CFOpenDirectory.framework/Versions/A/CFOpenDirectory
0x00000000026d7000 	/System/Library/Frameworks/SecurityFoundation.framework/Versions/A/SecurityFoundation
0x00000000026d7000 	/System/Library/PrivateFrameworks/LanguageModeling.framework/Versions/A/LanguageModeling
0x00000000026d7000 	/usr/lib/libcmph.dylib
0x00000000026d7000 	/System/Library/Frameworks/ServiceManagement.framework/Versions/A/ServiceManagement
0x00000000026d7000 	/usr/lib/libxslt.1.dylib
0x00000000026d7000 	/System/Library/Frameworks/Carbon.framework/Versions/A/Frameworks/Ink.framework/Versions/A/Ink
0x00000000026d7000 	/System/Library/Frameworks/QuartzCore.framework/Versions/A/Frameworks/CoreImage.framework/Versions/A/CoreImage
0x00000000026d7000 	/System/Library/PrivateFrameworks/CrashReporterSupport.framework/Versions/A/CrashReporterSupport
0x00000000026d7000 	/System/Library/Frameworks/OpenCL.framework/Versions/A/OpenCL
0x00000000026d7000 	/System/Library/PrivateFrameworks/FaceCore.framework/Versions/A/FaceCore
0x00000000026d7000 	/System/Library/PrivateFrameworks/Ubiquity.framework/Versions/A/Ubiquity
0x00000000026d7000 	/System/Library/PrivateFrameworks/IconServices.framework/Versions/A/IconServices
0x00000000026d7000 	/System/Library/PrivateFrameworks/ChunkingLibrary.framework/Versions/A/ChunkingLibrary
0x00000000026d7000 	/System/Library/PrivateFrameworks/Apple80211.framework/Versions/A/Apple80211
0x00000000026d7000 	/System/Library/Frameworks/CoreWLAN.framework/Versions/A/CoreWLAN
0x00000000026d7000 	/System/Library/Frameworks/IOBluetooth.framework/Versions/A/IOBluetooth
0x00000000026d7000 	/System/Library/PrivateFrameworks/CoreWiFi.framework/Versions/A/CoreWiFi
0x00000000026d7000 	/System/Library/Frameworks/CoreBluetooth.framework/Versions/A/CoreBluetooth
0x00000000026d7000 	/System/Library/PrivateFrameworks/DebugSymbols.framework/Versions/A/DebugSymbols
0x00000000026d7000 	/System/Library/PrivateFrameworks/CoreSymbolication.framework/Versions/A/CoreSymbolication
0x00000000026d7000 	/System/Library/PrivateFrameworks/Symbolication.framework/Versions/A/Symbolication
0x00000000026d7000 	/System/Library/PrivateFrameworks/SpeechRecognitionCore.framework/Versions/A/SpeechRecognitionCore
0x000000010c400000 	/Library/Java/JavaVirtualMachines/jdk1.8.0_20.jdk/Contents/Home/jre/lib/server/libjvm.dylib
0x00000000026d7000 	/usr/lib/libstdc++.6.dylib
0x000000010bb2b000 	/Library/Java/JavaVirtualMachines/jdk1.8.0_20.jdk/Contents/Home/jre/lib/libverify.dylib
0x000000010bb39000 	/Library/Java/JavaVirtualMachines/jdk1.8.0_20.jdk/Contents/Home/jre/lib/libjava.dylib
0x000000010bb77000 	/Library/Java/JavaVirtualMachines/jdk1.8.0_20.jdk/Contents/Home/jre/lib/libzip.dylib
0x0000000123422000 	/System/Library/Frameworks/JavaVM.framework/Frameworks/JavaRuntimeSupport.framework/JavaRuntimeSupport
0x000000012343a000 	/System/Library/Frameworks/JavaVM.framework/Versions/A/Frameworks/JavaNativeFoundation.framework/Versions/A/JavaNativeFoundation
0x000000010bbf1000 	/System/Library/Frameworks/JavaVM.framework/Versions/A/JavaVM
0x00000000026d7000 	/System/Library/Frameworks/Carbon.framework/Versions/A/Carbon
0x000000012344f000 	/System/Library/PrivateFrameworks/JavaLaunching.framework/Versions/A/JavaLaunching
0x00000000026d7000 	/System/Library/Frameworks/Carbon.framework/Versions/A/Frameworks/CommonPanels.framework/Versions/A/CommonPanels
0x00000000026d7000 	/System/Library/Frameworks/Carbon.framework/Versions/A/Frameworks/Help.framework/Versions/A/Help
0x00000000026d7000 	/System/Library/Frameworks/Carbon.framework/Versions/A/Frameworks/ImageCapture.framework/Versions/A/ImageCapture
0x00000000026d7000 	/System/Library/Frameworks/Carbon.framework/Versions/A/Frameworks/OpenScripting.framework/Versions/A/OpenScripting
0x00000000026d7000 	/System/Library/Frameworks/Carbon.framework/Versions/A/Frameworks/Print.framework/Versions/A/Print
0x00000000026d7000 	/System/Library/Frameworks/Carbon.framework/Versions/A/Frameworks/SecurityHI.framework/Versions/A/SecurityHI
0x0000000125512000 	/Library/Java/JavaVirtualMachines/jdk1.8.0_20.jdk/Contents/Home/jre/lib/libprism_es2.dylib
0x00000000026d7000 	/System/Library/Frameworks/OpenGL.framework/Versions/A/Resources/GLEngine.bundle/GLEngine
0x00000000026d7000 	/System/Library/Frameworks/OpenGL.framework/Versions/A/Libraries/libGLProgrammability.dylib
0x0000000125593000 	/System/Library/Extensions/AppleIntelHD4000GraphicsGLDriver.bundle/Contents/MacOS/AppleIntelHD4000GraphicsGLDriver
0x00000000026d7000 	/System/Library/PrivateFrameworks/IOAccelerator.framework/Versions/A/IOAccelerator
0x00000000026d7000 	/System/Library/PrivateFrameworks/GPUSupport.framework/Versions/A/Libraries/libGPUSupportMercury.dylib
0x00000000026d7000 	/System/Library/Frameworks/OpenGL.framework/Versions/A/Resources/GLRendererFloat.bundle/GLRendererFloat
0x00000000026d7000 	/System/Library/Frameworks/OpenCL.framework/Versions/A/Libraries/libcldcpuengine.dylib
0x00000000026d7000 	/System/Library/PrivateFrameworks/DiskImages.framework/Versions/A/DiskImages
0x00000000026d7000 	/System/Library/Frameworks/DiscRecording.framework/Versions/A/DiscRecording
0x00000000026d7000 	/usr/lib/libcsfde.dylib
0x00000000026d7000 	/usr/lib/libcurl.4.dylib
0x00000000026d7000 	/System/Library/PrivateFrameworks/MediaKit.framework/Versions/A/MediaKit
0x00000000026d7000 	/System/Library/PrivateFrameworks/ProtectedCloudStorage.framework/Versions/A/ProtectedCloudStorage
0x00000000026d7000 	/usr/lib/libCoreStorage.dylib
0x00000000026d7000 	/System/Library/PrivateFrameworks/EFILogin.framework/Versions/A/EFILogin
0x00000000026d7000 	/usr/lib/libutil.dylib
0x00000000026d7000 	/System/Library/PrivateFrameworks/FindMyDevice.framework/Versions/A/FindMyDevice
0x00000000026d7000 	/System/Library/Frameworks/LDAP.framework/Versions/A/LDAP
0x00000000026d7000 	/usr/lib/libsasl2.2.dylib
0x00000000026d7000 	/System/Library/PrivateFrameworks/CoreDaemon.framework/Versions/B/CoreDaemon
0x00000000026d7000 	/usr/lib/libcrypto.0.9.8.dylib
0x00000000026d7000 	/System/Library/PrivateFrameworks/AppleSRP.framework/Versions/A/AppleSRP
0x00000000026d7000 	/System/Library/PrivateFrameworks/TrustEvaluationAgent.framework/Versions/A/TrustEvaluationAgent
0x0000000126021000 	/Library/Java/JavaVirtualMachines/jdk1.8.0_20.jdk/Contents/Home/jre/lib/libglass.dylib
0x00000000026d7000 	/System/Library/PrivateFrameworks/CoreServicesInternal.framework/Versions/A/CoreServicesInternal
0x00000000026d7000 	/System/Library/PrivateFrameworks/CloudDocs.framework/Versions/A/CloudDocs
0x00000000026d7000 	/System/Library/PrivateFrameworks/CoreDuet.framework/Versions/A/CoreDuet
0x00000000026d7000 	/System/Library/Frameworks/CloudKit.framework/Versions/A/CloudKit
0x00000000026d7000 	/System/Library/PrivateFrameworks/ProtocolBuffer.framework/Versions/A/ProtocolBuffer
0x00000000026d7000 	/System/Library/PrivateFrameworks/CoreDuetDaemonProtocol.framework/Versions/A/CoreDuetDaemonProtocol
0x00000000026d7000 	/System/Library/PrivateFrameworks/CoreDuetDebugLogging.framework/Versions/A/CoreDuetDebugLogging
0x00000000026d7000 	/System/Library/PrivateFrameworks/MMCS.framework/Versions/A/MMCS
0x00000000026d7000 	/System/Library/Frameworks/CoreLocation.framework/Versions/A/CoreLocation
0x00000000026d7000 	/System/Library/PrivateFrameworks/GeoServices.framework/Versions/A/GeoServices
0x00000000026d7000 	/System/Library/Frameworks/CoreGraphics.framework/Versions/A/Resources/libCGCMS.A.dylib
0x00000000026d7000 	/System/Library/CoreServices/RawCamera.bundle/Contents/MacOS/RawCamera
0x00000000026d7000 	/System/Library/Frameworks/CoreGraphics.framework/Versions/A/Resources/libRIP.A.dylib
0x00000000026d7000 	/System/Library/PrivateFrameworks/FamilyControls.framework/Versions/A/FamilyControls
0x00000000026d7000 	/System/Library/PrivateFrameworks/CommerceKit.framework/Versions/A/Frameworks/CommerceCore.framework/Versions/A/CommerceCore
0x00000000026d7000 	/System/Library/PrivateFrameworks/SystemAdministration.framework/Versions/A/SystemAdministration
0x00000000026d7000 	/System/Library/PrivateFrameworks/AppContainer.framework/Versions/A/AppContainer
0x00000000026d7000 	/System/Library/PrivateFrameworks/SecCodeWrapper.framework/Versions/A/SecCodeWrapper
0x00000000026d7000 	/System/Library/Frameworks/DirectoryService.framework/Versions/A/DirectoryService
0x00000000026d7000 	/System/Library/PrivateFrameworks/LoginUIKit.framework/Versions/A/Frameworks/LoginUICore.framework/Versions/A/LoginUICore
0x00000000026d7000 	/usr/lib/libodfde.dylib
0x0000000129d43000 	/Library/Java/JavaVirtualMachines/jdk1.8.0_20.jdk/Contents/Home/jre/lib/libjavafx_font.dylib
0x00000000026d7000 	/System/Library/Frameworks/CoreGraphics.framework/Versions/A/Resources/libCGXType.A.dylib
0x0000000129d4e000 	/Library/Java/JavaVirtualMachines/jdk1.8.0_20.jdk/Contents/Home/jre/lib/libsunec.dylib
0x0000000129d9b000 	/Library/Java/JavaVirtualMachines/jdk1.8.0_20.jdk/Contents/Home/jre/lib/libnet.dylib
0x000000012b8c9000 	/Library/Java/JavaVirtualMachines/jdk1.8.0_20.jdk/Contents/Home/jre/lib/libprism_common.dylib
0x000000012b897000 	cl_kernels
0x000000012d4f5000 	/System/Library/Frameworks/OpenCL.framework/Versions/A/Libraries/ImageFormats/unorm8_bgra.dylib
0x000000012bb26000 	cl_kernels

VM Arguments:
jvm_args: -Dfile.encoding=UTF-8 
java_command: gui.astronomy.GUIAstronomy
java_class_path (initial): /Users/Annie/Documents/gui-weather-astronomy/build/classes:/Users/Annie/Documents/gui-weather-astronomy/bin/build/classes/gui/astronomy/api/ForecastIOLib-1.5.2-jar-with-dependencies.jar:/Users/Annie/Documents/gui-weather-astronomy/bin/dist/gui-astronomy.jar:/Users/Annie/Documents/gui-weather-astronomy/bin/src/gui/astronomy/api/ForecastIOLib-1.5.2-jar-with-dependencies.jar:/Users/Annie/Documents/gui-weather-astronomy/bin/src/gui/astronomy/api/gson-2.6.2.jar:/Users/Annie/Documents/gui-weather-astronomy/dist/gui-astronomy.jar
Launcher Type: SUN_STANDARD

Environment Variables:
PATH=/usr/bin:/bin:/usr/sbin:/sbin
SHELL=/bin/bash

Signal Handlers:
SIGSEGV: [libjvm.dylib+0x578fd7], sa_mask[0]=11111111011111110111111111111111, sa_flags=SA_ONSTACK|SA_RESTART|SA_SIGINFO
SIGBUS: [libjvm.dylib+0x578fd7], sa_mask[0]=11111111011111110111111111111111, sa_flags=SA_RESTART|SA_SIGINFO
SIGFPE: [libjvm.dylib+0x45ab0c], sa_mask[0]=11111111011111110111111111111111, sa_flags=SA_RESTART|SA_SIGINFO
SIGPIPE: [libjvm.dylib+0x45ab0c], sa_mask[0]=11111111011111110111111111111111, sa_flags=SA_RESTART|SA_SIGINFO
SIGXFSZ: [libjvm.dylib+0x45ab0c], sa_mask[0]=11111111011111110111111111111111, sa_flags=SA_RESTART|SA_SIGINFO
SIGILL: [libjvm.dylib+0x45ab0c], sa_mask[0]=11111111011111110111111111111111, sa_flags=SA_RESTART|SA_SIGINFO
SIGUSR1: SIG_DFL, sa_mask[0]=00000000000000000000000000000000, sa_flags=none
SIGUSR2: [libjvm.dylib+0x45a62a], sa_mask[0]=00100000000000000000000000000000, sa_flags=SA_RESTART|SA_SIGINFO
SIGHUP: [libjvm.dylib+0x458bfd], sa_mask[0]=11111111011111110111111111111111, sa_flags=SA_RESTART|SA_SIGINFO
SIGINT: [libjvm.dylib+0x458bfd], sa_mask[0]=11111111011111110111111111111111, sa_flags=SA_RESTART|SA_SIGINFO
SIGTERM: [libjvm.dylib+0x458bfd], sa_mask[0]=11111111011111110111111111111111, sa_flags=SA_RESTART|SA_SIGINFO
SIGQUIT: [libjvm.dylib+0x458bfd], sa_mask[0]=11111111011111110111111111111111, sa_flags=SA_RESTART|SA_SIGINFO


---------------  S Y S T E M  ---------------

OS:Bsduname:Darwin 14.5.0 Darwin Kernel Version 14.5.0: Wed Jul 29 02:26:53 PDT 2015; root:xnu-2782.40.9~1/RELEASE_X86_64 x86_64
rlimit: STACK 8192k, CORE 0k, NPROC 709, NOFILE 10240, AS infinity
load average:3.00 2.44 2.29

CPU:total 4 (2 cores per cpu, 2 threads per core) family 6 model 58 stepping 9, cmov, cx8, fxsr, mmx, sse, sse2, sse3, ssse3, sse4.1, sse4.2, popcnt, avx, aes, clmul, erms, ht, tsc, tscinvbit, tscinv

Memory: 4k page, physical 8388608k(226132k free)

/proc/meminfo:


vm_info: Java HotSpot(TM) 64-Bit Server VM (25.20-b23) for bsd-amd64 JRE (1.8.0_20-b26), built on Jul 30 2014 13:37:47 by "java_re" with gcc 4.2.1 (Based on Apple Inc. build 5658) (LLVM build 2336.9.00)

time: Thu Mar 10 14:22:16 2016
elapsed time: 278 seconds (0d 0h 4m 38s)

